c:\users\mustafa\documents\vısual studıo 2017\projects\project6\project6\debug\vc141.pdb
c:\users\mustafa\documents\vısual studıo 2017\projects\project6\project6\debug\vc141.ıdb
c:\users\mustafa\documents\vısual studıo 2017\projects\project6\project6\debug\button.obj
c:\users\mustafa\documents\vısual studıo 2017\projects\project6\project6\debug\camera.obj
c:\users\mustafa\documents\vısual studıo 2017\projects\project6\project6\debug\character.obj
c:\users\mustafa\documents\vısual studıo 2017\projects\project6\project6\debug\characteranımatıons.obj
c:\users\mustafa\documents\vısual studıo 2017\projects\project6\project6\debug\dxapp.obj
c:\users\mustafa\documents\vısual studıo 2017\projects\project6\project6\debug\dxutıl.obj
c:\users\mustafa\documents\vısual studıo 2017\projects\project6\project6\debug\entıty.obj
c:\users\mustafa\documents\vısual studıo 2017\projects\project6\project6\debug\fınıteobject.obj
c:\users\mustafa\documents\vısual studıo 2017\projects\project6\project6\debug\gameloop.obj
c:\users\mustafa\documents\vısual studıo 2017\projects\project6\project6\debug\hud.obj
c:\users\mustafa\documents\vısual studıo 2017\projects\project6\project6\debug\map.obj
c:\users\mustafa\documents\vısual studıo 2017\projects\project6\project6\debug\mustafa.obj
c:\users\mustafa\documents\vısual studıo 2017\projects\project6\project6\debug\sprıtesheet.obj
c:\users\mustafa\documents\vısual studıo 2017\projects\project6\project6\debug\statıcobject.obj
c:\users\mustafa\documents\vısual studıo 2017\projects\project6\project6\debug\survıvor.obj
c:\users\mustafa\documents\vısual studıo 2017\projects\project6\project6\debug\wınmaın.obj
c:\users\mustafa\documents\vısual studıo 2017\projects\project6\project6\debug\zombıe.obj
c:\users\mustafa\documents\vısual studıo 2017\projects\project6\project6\debug\dxerr.obj
c:\users\mustafa\documents\vısual studıo 2017\projects\project6\project6\debug\ıtem.obj
c:\users\mustafa\documents\vısual studıo 2017\projects\project6\project6\debug\ınventory.obj
c:\users\mustafa\documents\vısual studıo 2017\projects\project6\project6\debug\gun.obj
c:\users\mustafa\documents\vısual studıo 2017\projects\project6\project6\debug\ınfobox.obj
c:\users\mustafa\documents\vısual studıo 2017\projects\project6\debug\project6.exe
c:\users\mustafa\documents\vısual studıo 2017\projects\project6\debug\project6.ılk
c:\users\mustafa\documents\vısual studıo 2017\projects\project6\debug\project6.pdb
c:\users\mustafa\documents\visual studio 2017\projects\project6\project6\debug\button.obj
c:\users\mustafa\documents\visual studio 2017\projects\project6\project6\debug\camera.obj
c:\users\mustafa\documents\visual studio 2017\projects\project6\project6\debug\character.obj
c:\users\mustafa\documents\visual studio 2017\projects\project6\project6\debug\characteranimations.obj
c:\users\mustafa\documents\visual studio 2017\projects\project6\project6\debug\dxapp.obj
c:\users\mustafa\documents\visual studio 2017\projects\project6\project6\debug\dxerr.obj
c:\users\mustafa\documents\visual studio 2017\projects\project6\project6\debug\dxutil.obj
c:\users\mustafa\documents\visual studio 2017\projects\project6\project6\debug\entity.obj
c:\users\mustafa\documents\visual studio 2017\projects\project6\project6\debug\finiteobject.obj
c:\users\mustafa\documents\visual studio 2017\projects\project6\project6\debug\gameloop.obj
c:\users\mustafa\documents\visual studio 2017\projects\project6\project6\debug\gun.obj
c:\users\mustafa\documents\visual studio 2017\projects\project6\project6\debug\hud.obj
c:\users\mustafa\documents\visual studio 2017\projects\project6\project6\debug\ınfobox.obj
c:\users\mustafa\documents\visual studio 2017\projects\project6\project6\debug\ınventory.obj
c:\users\mustafa\documents\visual studio 2017\projects\project6\project6\debug\ıtem.obj
c:\users\mustafa\documents\visual studio 2017\projects\project6\project6\debug\map.obj
c:\users\mustafa\documents\visual studio 2017\projects\project6\project6\debug\mustafa.obj
c:\users\mustafa\documents\visual studio 2017\projects\project6\project6\debug\spritesheet.obj
c:\users\mustafa\documents\visual studio 2017\projects\project6\project6\debug\staticobject.obj
c:\users\mustafa\documents\visual studio 2017\projects\project6\project6\debug\survivor.obj
c:\users\mustafa\documents\visual studio 2017\projects\project6\project6\debug\winmain.obj
c:\users\mustafa\documents\visual studio 2017\projects\project6\project6\debug\zombie.obj
c:\users\mustafa\documents\visual studio 2017\projects\project6\project6\debug\hud.obj.enc
c:\users\mustafa\documents\visual studio 2017\projects\project6\project6\debug\vc141.idb
c:\users\mustafa\documents\visual studio 2017\projects\project6\project6\debug\vc141.pdb
c:\users\mustafa\documents\visual studio 2017\projects\project6\debug\project6.pdb
c:\users\mustafa\documents\visual studio 2017\projects\project6\debug\project6.exe
c:\users\mustafa\documents\visual studio 2017\projects\project6\debug\project6.ilk
c:\users\mustafa\documents\visual studio 2017\projects\project6\project6\debug\project6.tlog\cl.command.1.tlog
c:\users\mustafa\documents\visual studio 2017\projects\project6\project6\debug\project6.tlog\cl.read.1.tlog
c:\users\mustafa\documents\visual studio 2017\projects\project6\project6\debug\project6.tlog\cl.write.1.tlog
c:\users\mustafa\documents\visual studio 2017\projects\project6\project6\debug\project6.tlog\link.command.1.tlog
c:\users\mustafa\documents\visual studio 2017\projects\project6\project6\debug\project6.tlog\link.read.1.tlog
c:\users\mustafa\documents\visual studio 2017\projects\project6\project6\debug\project6.tlog\link.write.1.tlog
